<?xml version="1.0" encoding="UTF-8"?>
<testsuites name="Search Test Suite" time="28.942" tests="1" failures="0" errors="0">
   <testsuite name="Search Test Suite" tests="1" failures="0" errors="0" time="28.942" skipped="0" timestamp="04-02-2024T16:12:00" hostname="User - DESKTOP-RHVOQ3Q" id="Test Suites/Search Test Suite">
      <properties>
         <property name="deviceName" value=""/>
         <property name="devicePlatform" value=""/>
         <property name="logFolder" value="C:\\Users\\User\\git\\jankintest\\Reports\\20240204_161147\\Search Test Suite\\20240204_161155"/>
         <property name="logFiles" value="C:\\Users\\User\\git\\jankintest\\Reports\\20240204_161147\\Search Test Suite\\20240204_161155\\execution0.log"/>
         <property name="attachments" value=""/>
         <property name="hostName" value="User - DESKTOP-RHVOQ3Q"/>
         <property name="os" value="Windows 10 64bit"/>
         <property name="katalonVersion" value="9.2.0.212"/>
         <property name="browser" value="Chrome 121.0.0.0"/>
         <property name="hostAddress" value="192.168.1.7"/>
         <property name="sessionId" value="99146279eaf90df1656595d74217b90e"/>
         <property name="seleniumVersion" value="3.141.59"/>
         <property name="proxyInformation" value="ProxyInformation { proxyOption=NO_PROXY, proxyServerType=HTTP, username=, password=********, proxyServerAddress=, proxyServerPort=0, executionList=&quot;&quot;, isApplyToDesiredCapabilities=true }"/>
         <property name="platform" value="Windows 10"/>
      </properties>
      <testcase name="Test Cases/Search" time="28.484" classname="Test Cases/Search" status="PASSED">
         <system-out><![CDATA[04-02-2024T16:12:01 - [TEST_CASE][PASSED] - Test Cases/Search: Test Cases/Search

04-02-2024T16:12:02 - [TEST_STEP][PASSED] - openBrowser(""): Browser is opened with url: ''

04-02-2024T16:12:02 - [MESSAGE][INFO] - Starting 'Chrome' driver

04-02-2024T16:12:02 - [MESSAGE][INFO] - Action delay is set to 0 milliseconds

04-02-2024T16:12:05 - [MESSAGE][PASSED] - Browser is opened with url: ''

04-02-2024T16:12:05 - [TEST_STEP][PASSED] - navigateToUrl("https://www.amazon.com/"): Navigate to 'https://www.amazon.com/' successfully

04-02-2024T16:12:07 - [MESSAGE][PASSED] - Navigate to 'https://www.amazon.com/' successfully

04-02-2024T16:12:07 - [TEST_STEP][PASSED] - selectOptionByValue(findTestObject("Object Repository/Search/Page_Amazon.com. Spend less. Smile more/select_All Departments        Arts  Crafts _135c92"), "search-alias=stripbooks-intl-ship", true): All options with value 'search-alias=stripbooks-intl-ship' are selected in object 'Object Repository/Search/Page_Amazon.com. Spend less. Smile more/select_All Departments        Arts  Crafts _135c92'  using regular expression

04-02-2024T16:12:22 - [MESSAGE][PASSED] - All options with value 'search-alias=stripbooks-intl-ship' are selected in object 'Object Repository/Search/Page_Amazon.com. Spend less. Smile more/select_All Departments        Arts  Crafts _135c92'  using regular expression

04-02-2024T16:12:22 - [TEST_STEP][PASSED] - setText(findTestObject("Object Repository/Search/Page_Amazon.com. Spend less. Smile more/input_field-keywords"), "da vinci code"): Text 'da vinci code' is set on object 'Object Repository/Search/Page_Amazon.com. Spend less. Smile more/input_field-keywords'

04-02-2024T16:12:23 - [MESSAGE][PASSED] - Text 'da vinci code' is set on object 'Object Repository/Search/Page_Amazon.com. Spend less. Smile more/input_field-keywords'

04-02-2024T16:12:23 - [TEST_STEP][PASSED] - click(findTestObject("Object Repository/Search/Page_Amazon.com. Spend less. Smile more/inputnav-search-submit-button")): Object: 'Object Repository/Search/Page_Amazon.com. Spend less. Smile more/inputnav-search-submit-button' is clicked on

04-02-2024T16:12:28 - [MESSAGE][PASSED] - Object: 'Object Repository/Search/Page_Amazon.com. Spend less. Smile more/inputnav-search-submit-button' is clicked on

04-02-2024T16:12:28 - [TEST_STEP][PASSED] - verifyElementText(findTestObject("Object Repository/Search/Page_Amazon.com  da vinci code/span_Results"), "Results"): Actual text and expected text of test object 'Object Repository/Search/Page_Amazon.com  da vinci code/span_Results' are matched.

04-02-2024T16:12:29 - [MESSAGE][PASSED] - Actual text and expected text of test object 'Object Repository/Search/Page_Amazon.com  da vinci code/span_Results' are matched.

04-02-2024T16:12:29 - [TEST_STEP][PASSED] - verifyElementText(findTestObject("Object Repository/Search/Page_Amazon.com  da vinci code/span_The Da Vinci Code (Robert Langdon)"), "The Da Vinci Code (Robert Langdon)"): Actual text and expected text of test object 'Object Repository/Search/Page_Amazon.com  da vinci code/span_The Da Vinci Code (Robert Langdon)' are matched.

04-02-2024T16:12:29 - [MESSAGE][PASSED] - Actual text and expected text of test object 'Object Repository/Search/Page_Amazon.com  da vinci code/span_The Da Vinci Code (Robert Langdon)' are matched.

04-02-2024T16:12:29 - [TEST_STEP][PASSED] - closeBrowser(): Browser is closed

04-02-2024T16:12:29 - [MESSAGE][PASSED] - Browser is closed]]></system-out>
         <system-err><![CDATA[]]></system-err>
      </testcase>
      <system-out><![CDATA[04-02-2024T16:12:00 - [TEST_SUITE][PASSED] - Search Test Suite: Test Cases/Search]]></system-out>
      <system-err><![CDATA[]]></system-err>
   </testsuite>
</testsuites>
